%PSY OUT%
==================================
              PSY 
==================================
 Title: post-hoc-psy-out
 Date:  24/11/2023 Time: 09:50:10
----------------------------------

 Number of Groups:        4
 Number of Measurements:  3

 Number of subjects in...
  Group  1:   4
  Group  2:   4
  Group  3:   4
  Group  4:   4

 Between contrast coefficients
         Contrast     Group...
                      1    2    3    4
               B1     1    1   -1   -1
               B2     1   -1    0    0
               B3     0    0    1   -1

 Within contrast coefficients
         Contrast     Measurement...
                      1    2    3
               W1     1   -1    0
               W2     1    0   -1
               W3     1   -2    1

 Means and Standard Deviations
  Group 1  Overall Mean:      27.333
   Measurement   1           2           3   
   Mean        23.500      26.750      31.750
   SD           5.802       6.500       7.588

  Group 2  Overall Mean:      41.417
   Measurement   1           2           3   
   Mean        33.000      41.250      50.000
   SD           5.354       3.862       5.657

  Group 3  Overall Mean:      30.167
   Measurement   1           2           3   
   Mean        31.500      30.750      28.250
   SD           2.646       3.202       3.594

  Group 4  Overall Mean:      32.667
   Measurement   1           2           3   
   Mean        37.250      33.500      27.250
   SD           2.217       1.915       2.986

 Means and SDs averaged across groups
   Measurement   1           2           3   
   Mean        31.313      33.063      34.313
   SD           4.308       4.216       5.278
 --------------------------------------------

              Analysis of Variance Summary Table

              Source        SS      df       MS           F   
              ------------------------------------------------
              Between
              ------------------------------------------------
              B1          105.021    1     105.021       1.955
              B2         1190.042    1    1190.042      22.155
              B3           37.500    1      37.500       0.698
              Error       644.583   12      53.715
              ------------------------------------------------
              Within
              ------------------------------------------------
              W1           24.500    1      24.500       4.421
              B1W1        128.000    1     128.000      23.098
              B2W1         25.000    1      25.000       4.511
              B3W1          9.000    1       9.000       1.624
              Error        66.500   12       5.542
              W2           72.000    1      72.000       8.749
              B1W2        741.125    1     741.125      90.061
              B2W2         76.563    1      76.563       9.304
              B3W2         45.563    1      45.563       5.537
              Error        98.750   12       8.229
              W3            0.667    1       0.667       0.297
              B1W3          7.042    1       7.042       3.139
              B2W3          0.521    1       0.521       0.232
              B3W3          0.188    1       0.188       0.084
              Error        26.917   12       2.243
              ------------------------------------------------

              Post hoc 95% Simultaneous Confidence Intervals
              ----------------------------------------------
              The CIs refer to mean difference contrasts,
               with coefficients rescaled if necessary.
               The rescaled contrast coefficients are:

              Rescaled Between contrast coefficients
        Contrast        Group...
                         1           2           3           4   
              B1        0.500       0.500      -0.500      -0.500
              B2        1.000      -1.000       0.000       0.000
              B3        0.000       0.000       1.000      -1.000

              Rescaled Within contrast coefficients
        Contrast        Measurement...
                         1           2           3   
              W1        1.000      -1.000       0.000
              W2        1.000       0.000      -1.000
              W3        0.500      -1.000       0.500

              Raw CIs (scaled in Dependent Variable units)
              -------------------------------------------------------
              Contrast      Value        SE           ..CI limits..  
                                                    Lower       Upper
              -------------------------------------------------------
              B1            2.958       2.116      -3.888       9.805
              B2          -14.083       2.992     -23.765      -4.401
              B3           -2.500       2.992     -12.182       7.182
              W1           -1.750       0.832      -4.203       0.703
              B1W1         -8.000       1.665     -14.978      -1.022
              B2W1          5.000       2.354      -4.868      14.868
              B3W1         -3.000       2.354     -12.868       6.868
              W2           -3.000       1.014      -5.990      -0.010
              B1W2        -19.250       2.028     -27.753     -10.747
              B2W2          8.750       2.869      -3.275      20.775
              B3W2         -6.750       2.869     -18.775       5.275
              W3           -0.250       0.459      -1.602       1.102
              B1W3          1.625       0.917      -2.220       5.470
              B2W3          0.625       1.297      -4.812       6.062
              B3W3          0.375       1.297      -5.062       5.812
              -------------------------------------------------------

              Approximate Standardized CIs (scaled in Sample SD units)
              -------------------------------------------------------
              Contrast      Value        SE           ..CI limits..  
                                                    Lower       Upper
              -------------------------------------------------------
              B1            0.640       0.457      -0.841       2.120
              B2           -3.045       0.647      -5.138      -0.952
              B3           -0.540       0.647      -2.634       1.553
              W1           -0.378       0.180      -0.909       0.152
              B1W1         -1.730       0.360      -3.238      -0.221
              B2W1          1.081       0.509      -1.052       3.214
              B3W1         -0.649       0.509      -2.782       1.485
              W2           -0.649       0.219      -1.295      -0.002
              B1W2         -4.162       0.439      -6.000      -2.323
              B2W2          1.892       0.620      -0.708       4.491
              B3W2         -1.459       0.620      -4.059       1.140
              W3           -0.054       0.099      -0.346       0.238
              B1W3          0.351       0.198      -0.480       1.182
              B2W3          0.135       0.280      -1.040       1.311
              B3W3          0.081       0.280      -1.094       1.256
              -------------------------------------------------------
